{"C:\\Projects\\AmaliTech_Lab_Solutions\\01. Character_Counter_UI\\tests\\characterCounter.js": {"path":"C:\\Projects\\AmaliTech_Lab_Solutions\\01. Character_Counter_UI\\tests\\characterCounter.js","statementMap":{"0":{"start":{"line":2,"column":15},"end":{"line":2,"column":51}},"1":{"start":{"line":3,"column":25},"end":{"line":3,"column":69}},"2":{"start":{"line":4,"column":20},"end":{"line":4,"column":63}},"3":{"start":{"line":5,"column":24},"end":{"line":5,"column":71}},"4":{"start":{"line":6,"column":28},"end":{"line":6,"column":79}},"5":{"start":{"line":7,"column":28},"end":{"line":7,"column":63}},"6":{"start":{"line":8,"column":26},"end":{"line":8,"column":74}},"7":{"start":{"line":9,"column":29},"end":{"line":9,"column":80}},"8":{"start":{"line":10,"column":16},"end":{"line":10,"column":53}},"9":{"start":{"line":11,"column":23},"end":{"line":11,"column":74}},"10":{"start":{"line":12,"column":32},"end":{"line":12,"column":83}},"11":{"start":{"line":20,"column":4},"end":{"line":20,"column":75}},"12":{"start":{"line":20,"column":68},"end":{"line":20,"column":75}},"13":{"start":{"line":24,"column":22},"end":{"line":24,"column":36}},"14":{"start":{"line":25,"column":30},"end":{"line":26,"column":49}},"15":{"start":{"line":28,"column":4},"end":{"line":30,"column":42}},"16":{"start":{"line":32,"column":35},"end":{"line":32,"column":61}},"17":{"start":{"line":33,"column":4},"end":{"line":38,"column":5}},"18":{"start":{"line":34,"column":8},"end":{"line":34,"column":65}},"19":{"start":{"line":37,"column":8},"end":{"line":37,"column":59}},"20":{"start":{"line":40,"column":4},"end":{"line":40,"column":61}},"21":{"start":{"line":47,"column":22},"end":{"line":47,"column":43}},"22":{"start":{"line":48,"column":23},"end":{"line":48,"column":81}},"23":{"start":{"line":48,"column":64},"end":{"line":48,"column":79}},"24":{"start":{"line":50,"column":24},"end":{"line":50,"column":43}},"25":{"start":{"line":51,"column":34},"end":{"line":51,"column":58}},"26":{"start":{"line":53,"column":4},"end":{"line":58,"column":5}},"27":{"start":{"line":54,"column":8},"end":{"line":54,"column":63}},"28":{"start":{"line":57,"column":8},"end":{"line":57,"column":57}},"29":{"start":{"line":60,"column":4},"end":{"line":60,"column":55}},"30":{"start":{"line":69,"column":22},"end":{"line":69,"column":43}},"31":{"start":{"line":71,"column":20},"end":{"line":73,"column":62}},"32":{"start":{"line":72,"column":38},"end":{"line":72,"column":53}},"33":{"start":{"line":73,"column":41},"end":{"line":73,"column":60}},"34":{"start":{"line":75,"column":28},"end":{"line":75,"column":44}},"35":{"start":{"line":76,"column":38},"end":{"line":76,"column":66}},"36":{"start":{"line":78,"column":4},"end":{"line":83,"column":5}},"37":{"start":{"line":79,"column":8},"end":{"line":79,"column":71}},"38":{"start":{"line":82,"column":8},"end":{"line":82,"column":65}},"39":{"start":{"line":85,"column":4},"end":{"line":85,"column":63}},"40":{"start":{"line":93,"column":25},"end":{"line":93,"column":28}},"41":{"start":{"line":94,"column":22},"end":{"line":94,"column":43}},"42":{"start":{"line":95,"column":23},"end":{"line":95,"column":81}},"43":{"start":{"line":95,"column":64},"end":{"line":95,"column":79}},"44":{"start":{"line":96,"column":24},"end":{"line":96,"column":43}},"45":{"start":{"line":98,"column":28},"end":{"line":98,"column":71}},"46":{"start":{"line":99,"column":4},"end":{"line":99,"column":93}},"47":{"start":{"line":107,"column":4},"end":{"line":107,"column":66}},"48":{"start":{"line":113,"column":25},"end":{"line":113,"column":60}},"49":{"start":{"line":114,"column":22},"end":{"line":114,"column":36}},"50":{"start":{"line":115,"column":30},"end":{"line":116,"column":49}},"51":{"start":{"line":121,"column":4},"end":{"line":121,"column":101}},"52":{"start":{"line":122,"column":4},"end":{"line":122,"column":55}},"53":{"start":{"line":124,"column":4},"end":{"line":147,"column":5}},"54":{"start":{"line":125,"column":8},"end":{"line":125,"column":52}},"55":{"start":{"line":126,"column":8},"end":{"line":126,"column":54}},"56":{"start":{"line":127,"column":8},"end":{"line":127,"column":46}},"57":{"start":{"line":129,"column":9},"end":{"line":147,"column":5}},"58":{"start":{"line":130,"column":8},"end":{"line":130,"column":52}},"59":{"start":{"line":131,"column":8},"end":{"line":131,"column":49}},"60":{"start":{"line":132,"column":8},"end":{"line":132,"column":51}},"61":{"start":{"line":133,"column":8},"end":{"line":133,"column":82}},"62":{"start":{"line":135,"column":9},"end":{"line":147,"column":5}},"63":{"start":{"line":136,"column":8},"end":{"line":136,"column":52}},"64":{"start":{"line":137,"column":8},"end":{"line":137,"column":99}},"65":{"start":{"line":140,"column":8},"end":{"line":146,"column":9}},"66":{"start":{"line":141,"column":12},"end":{"line":141,"column":53}},"67":{"start":{"line":142,"column":12},"end":{"line":142,"column":103}},"68":{"start":{"line":155,"column":15},"end":{"line":155,"column":66}},"69":{"start":{"line":156,"column":23},"end":{"line":156,"column":34}},"70":{"start":{"line":158,"column":25},"end":{"line":158,"column":27}},"71":{"start":{"line":161,"column":4},"end":{"line":163,"column":5}},"72":{"start":{"line":162,"column":8},"end":{"line":162,"column":65}},"73":{"start":{"line":167,"column":4},"end":{"line":167,"column":36}},"74":{"start":{"line":169,"column":20},"end":{"line":169,"column":54}},"75":{"start":{"line":170,"column":22},"end":{"line":170,"column":23}},"76":{"start":{"line":172,"column":4},"end":{"line":208,"column":7}},"77":{"start":{"line":173,"column":22},"end":{"line":173,"column":42}},"78":{"start":{"line":174,"column":27},"end":{"line":174,"column":72}},"79":{"start":{"line":176,"column":18},"end":{"line":176,"column":47}},"80":{"start":{"line":177,"column":8},"end":{"line":177,"column":52}},"81":{"start":{"line":179,"column":20},"end":{"line":179,"column":50}},"82":{"start":{"line":180,"column":8},"end":{"line":180,"column":52}},"83":{"start":{"line":181,"column":8},"end":{"line":181,"column":34}},"84":{"start":{"line":183,"column":27},"end":{"line":183,"column":56}},"85":{"start":{"line":184,"column":8},"end":{"line":184,"column":57}},"86":{"start":{"line":186,"column":25},"end":{"line":186,"column":54}},"87":{"start":{"line":187,"column":8},"end":{"line":187,"column":52}},"88":{"start":{"line":188,"column":8},"end":{"line":188,"column":49}},"89":{"start":{"line":189,"column":8},"end":{"line":189,"column":43}},"90":{"start":{"line":191,"column":29},"end":{"line":191,"column":59}},"91":{"start":{"line":192,"column":8},"end":{"line":192,"column":59}},"92":{"start":{"line":193,"column":8},"end":{"line":193,"column":66}},"93":{"start":{"line":195,"column":8},"end":{"line":195,"column":44}},"94":{"start":{"line":196,"column":8},"end":{"line":196,"column":32}},"95":{"start":{"line":197,"column":8},"end":{"line":197,"column":39}},"96":{"start":{"line":198,"column":8},"end":{"line":198,"column":39}},"97":{"start":{"line":201,"column":8},"end":{"line":204,"column":9}},"98":{"start":{"line":202,"column":12},"end":{"line":202,"column":39}},"99":{"start":{"line":203,"column":12},"end":{"line":203,"column":43}},"100":{"start":{"line":206,"column":8},"end":{"line":206,"column":43}},"101":{"start":{"line":211,"column":4},"end":{"line":231,"column":5}},"102":{"start":{"line":212,"column":26},"end":{"line":212,"column":55}},"103":{"start":{"line":213,"column":8},"end":{"line":213,"column":52}},"104":{"start":{"line":214,"column":8},"end":{"line":214,"column":44}},"105":{"start":{"line":216,"column":23},"end":{"line":216,"column":28}},"106":{"start":{"line":218,"column":8},"end":{"line":228,"column":10}},"107":{"start":{"line":219,"column":12},"end":{"line":219,"column":32}},"108":{"start":{"line":221,"column":30},"end":{"line":221,"column":69}},"109":{"start":{"line":222,"column":12},"end":{"line":224,"column":15}},"110":{"start":{"line":223,"column":14},"end":{"line":223,"column":61}},"111":{"start":{"line":226,"column":12},"end":{"line":226,"column":75}},"112":{"start":{"line":230,"column":8},"end":{"line":230,"column":47}},"113":{"start":{"line":239,"column":15},"end":{"line":239,"column":29}},"114":{"start":{"line":241,"column":4},"end":{"line":246,"column":5}},"115":{"start":{"line":242,"column":8},"end":{"line":242,"column":80}},"116":{"start":{"line":245,"column":8},"end":{"line":245,"column":83}},"117":{"start":{"line":256,"column":0},"end":{"line":266,"column":1}},"118":{"start":{"line":257,"column":4},"end":{"line":265,"column":6}},"119":{"start":{"line":258,"column":8},"end":{"line":258,"column":79}},"120":{"start":{"line":259,"column":8},"end":{"line":259,"column":54}},"121":{"start":{"line":260,"column":8},"end":{"line":260,"column":33}},"122":{"start":{"line":261,"column":8},"end":{"line":261,"column":37}},"123":{"start":{"line":262,"column":8},"end":{"line":262,"column":30}},"124":{"start":{"line":263,"column":8},"end":{"line":263,"column":33}},"125":{"start":{"line":264,"column":8},"end":{"line":264,"column":38}},"126":{"start":{"line":270,"column":0},"end":{"line":274,"column":1}},"127":{"start":{"line":271,"column":4},"end":{"line":273,"column":6}},"128":{"start":{"line":272,"column":8},"end":{"line":272,"column":77}},"129":{"start":{"line":278,"column":0},"end":{"line":282,"column":1}},"130":{"start":{"line":279,"column":4},"end":{"line":281,"column":6}},"131":{"start":{"line":280,"column":8},"end":{"line":280,"column":42}},"132":{"start":{"line":287,"column":0},"end":{"line":296,"column":1}}},"fnMap":{"0":{"name":"countCharacters","decl":{"start":{"line":19,"column":9},"end":{"line":19,"column":24}},"loc":{"start":{"line":19,"column":80},"end":{"line":41,"column":1}},"line":19},"1":{"name":"countNumberOfWords","decl":{"start":{"line":46,"column":9},"end":{"line":46,"column":27}},"loc":{"start":{"line":46,"column":55},"end":{"line":62,"column":1}},"line":46},"2":{"name":"(anonymous_2)","decl":{"start":{"line":48,"column":56},"end":{"line":48,"column":57}},"loc":{"start":{"line":48,"column":64},"end":{"line":48,"column":79}},"line":48},"3":{"name":"countNumberOfSentences","decl":{"start":{"line":68,"column":9},"end":{"line":68,"column":31}},"loc":{"start":{"line":68,"column":34},"end":{"line":87,"column":1}},"line":68},"4":{"name":"(anonymous_4)","decl":{"start":{"line":72,"column":26},"end":{"line":72,"column":27}},"loc":{"start":{"line":72,"column":38},"end":{"line":72,"column":53}},"line":72},"5":{"name":"(anonymous_5)","decl":{"start":{"line":73,"column":29},"end":{"line":73,"column":30}},"loc":{"start":{"line":73,"column":41},"end":{"line":73,"column":60}},"line":73},"6":{"name":"calculateApproxReadingTime","decl":{"start":{"line":92,"column":9},"end":{"line":92,"column":35}},"loc":{"start":{"line":92,"column":38},"end":{"line":101,"column":1}},"line":92},"7":{"name":"(anonymous_7)","decl":{"start":{"line":95,"column":56},"end":{"line":95,"column":57}},"loc":{"start":{"line":95,"column":64},"end":{"line":95,"column":79}},"line":95},"8":{"name":"toggleCharacterLimitInputVisible","decl":{"start":{"line":106,"column":9},"end":{"line":106,"column":41}},"loc":{"start":{"line":106,"column":44},"end":{"line":108,"column":1}},"line":106},"9":{"name":"checkCharacterLimit","decl":{"start":{"line":112,"column":9},"end":{"line":112,"column":28}},"loc":{"start":{"line":112,"column":31},"end":{"line":149,"column":1}},"line":112},"10":{"name":"calculateLetterDensity","decl":{"start":{"line":154,"column":9},"end":{"line":154,"column":31}},"loc":{"start":{"line":154,"column":36},"end":{"line":233,"column":1}},"line":154},"11":{"name":"(anonymous_11)","decl":{"start":{"line":172,"column":20},"end":{"line":172,"column":21}},"loc":{"start":{"line":172,"column":41},"end":{"line":208,"column":5}},"line":172},"12":{"name":"(anonymous_12)","decl":{"start":{"line":218,"column":44},"end":{"line":218,"column":45}},"loc":{"start":{"line":218,"column":56},"end":{"line":228,"column":9}},"line":218},"13":{"name":"(anonymous_13)","decl":{"start":{"line":222,"column":30},"end":{"line":222,"column":31}},"loc":{"start":{"line":222,"column":37},"end":{"line":224,"column":13}},"line":222},"14":{"name":"toggleNoDensityAvailableYet","decl":{"start":{"line":238,"column":9},"end":{"line":238,"column":36}},"loc":{"start":{"line":238,"column":40},"end":{"line":247,"column":1}},"line":238},"15":{"name":"(anonymous_15)","decl":{"start":{"line":257,"column":39},"end":{"line":257,"column":40}},"loc":{"start":{"line":257,"column":51},"end":{"line":265,"column":5}},"line":257},"16":{"name":"(anonymous_16)","decl":{"start":{"line":271,"column":53},"end":{"line":271,"column":54}},"loc":{"start":{"line":271,"column":65},"end":{"line":273,"column":5}},"line":271},"17":{"name":"(anonymous_17)","decl":{"start":{"line":279,"column":54},"end":{"line":279,"column":55}},"loc":{"start":{"line":279,"column":66},"end":{"line":281,"column":5}},"line":279}},"branchMap":{"0":{"loc":{"start":{"line":20,"column":4},"end":{"line":20,"column":75}},"type":"if","locations":[{"start":{"line":20,"column":4},"end":{"line":20,"column":75}},{"start":{},"end":{}}],"line":20},"1":{"loc":{"start":{"line":20,"column":8},"end":{"line":20,"column":66}},"type":"binary-expr","locations":[{"start":{"line":20,"column":8},"end":{"line":20,"column":17}},{"start":{"line":20,"column":21},"end":{"line":20,"column":43}},{"start":{"line":20,"column":47},"end":{"line":20,"column":66}}],"line":20},"2":{"loc":{"start":{"line":28,"column":22},"end":{"line":30,"column":42}},"type":"cond-expr","locations":[{"start":{"line":29,"column":22},"end":{"line":29,"column":48}},{"start":{"line":30,"column":24},"end":{"line":30,"column":42}}],"line":28},"3":{"loc":{"start":{"line":33,"column":4},"end":{"line":38,"column":5}},"type":"if","locations":[{"start":{"line":33,"column":4},"end":{"line":38,"column":5}},{"start":{"line":36,"column":9},"end":{"line":38,"column":5}}],"line":33},"4":{"loc":{"start":{"line":53,"column":4},"end":{"line":58,"column":5}},"type":"if","locations":[{"start":{"line":53,"column":4},"end":{"line":58,"column":5}},{"start":{"line":56,"column":9},"end":{"line":58,"column":5}}],"line":53},"5":{"loc":{"start":{"line":78,"column":4},"end":{"line":83,"column":5}},"type":"if","locations":[{"start":{"line":78,"column":4},"end":{"line":83,"column":5}},{"start":{"line":81,"column":9},"end":{"line":83,"column":5}}],"line":78},"6":{"loc":{"start":{"line":121,"column":22},"end":{"line":121,"column":101}},"type":"cond-expr","locations":[{"start":{"line":121,"column":54},"end":{"line":121,"column":80}},{"start":{"line":121,"column":83},"end":{"line":121,"column":101}}],"line":121},"7":{"loc":{"start":{"line":124,"column":4},"end":{"line":147,"column":5}},"type":"if","locations":[{"start":{"line":124,"column":4},"end":{"line":147,"column":5}},{"start":{"line":129,"column":9},"end":{"line":147,"column":5}}],"line":124},"8":{"loc":{"start":{"line":124,"column":8},"end":{"line":124,"column":76}},"type":"binary-expr","locations":[{"start":{"line":124,"column":8},"end":{"line":124,"column":39}},{"start":{"line":124,"column":43},"end":{"line":124,"column":76}}],"line":124},"9":{"loc":{"start":{"line":129,"column":9},"end":{"line":147,"column":5}},"type":"if","locations":[{"start":{"line":129,"column":9},"end":{"line":147,"column":5}},{"start":{"line":135,"column":9},"end":{"line":147,"column":5}}],"line":129},"10":{"loc":{"start":{"line":129,"column":13},"end":{"line":129,"column":80}},"type":"binary-expr","locations":[{"start":{"line":129,"column":13},"end":{"line":129,"column":44}},{"start":{"line":129,"column":48},"end":{"line":129,"column":80}}],"line":129},"11":{"loc":{"start":{"line":135,"column":9},"end":{"line":147,"column":5}},"type":"if","locations":[{"start":{"line":135,"column":9},"end":{"line":147,"column":5}},{"start":{"line":139,"column":9},"end":{"line":147,"column":5}}],"line":135},"12":{"loc":{"start":{"line":140,"column":8},"end":{"line":146,"column":9}},"type":"if","locations":[{"start":{"line":140,"column":8},"end":{"line":146,"column":9}},{"start":{"line":144,"column":13},"end":{"line":146,"column":9}}],"line":140},"13":{"loc":{"start":{"line":162,"column":33},"end":{"line":162,"column":58}},"type":"binary-expr","locations":[{"start":{"line":162,"column":33},"end":{"line":162,"column":53}},{"start":{"line":162,"column":57},"end":{"line":162,"column":58}}],"line":162},"14":{"loc":{"start":{"line":201,"column":8},"end":{"line":204,"column":9}},"type":"if","locations":[{"start":{"line":201,"column":8},"end":{"line":204,"column":9}},{"start":{},"end":{}}],"line":201},"15":{"loc":{"start":{"line":211,"column":4},"end":{"line":231,"column":5}},"type":"if","locations":[{"start":{"line":211,"column":4},"end":{"line":231,"column":5}},{"start":{},"end":{}}],"line":211},"16":{"loc":{"start":{"line":223,"column":34},"end":{"line":223,"column":60}},"type":"cond-expr","locations":[{"start":{"line":223,"column":45},"end":{"line":223,"column":51}},{"start":{"line":223,"column":54},"end":{"line":223,"column":60}}],"line":223},"17":{"loc":{"start":{"line":226,"column":36},"end":{"line":226,"column":74}},"type":"cond-expr","locations":[{"start":{"line":226,"column":47},"end":{"line":226,"column":59}},{"start":{"line":226,"column":62},"end":{"line":226,"column":74}}],"line":226},"18":{"loc":{"start":{"line":241,"column":4},"end":{"line":246,"column":5}},"type":"if","locations":[{"start":{"line":241,"column":4},"end":{"line":246,"column":5}},{"start":{"line":244,"column":9},"end":{"line":246,"column":5}}],"line":241},"19":{"loc":{"start":{"line":256,"column":0},"end":{"line":266,"column":1}},"type":"if","locations":[{"start":{"line":256,"column":0},"end":{"line":266,"column":1}},{"start":{},"end":{}}],"line":256},"20":{"loc":{"start":{"line":270,"column":0},"end":{"line":274,"column":1}},"type":"if","locations":[{"start":{"line":270,"column":0},"end":{"line":274,"column":1}},{"start":{},"end":{}}],"line":270},"21":{"loc":{"start":{"line":278,"column":0},"end":{"line":282,"column":1}},"type":"if","locations":[{"start":{"line":278,"column":0},"end":{"line":282,"column":1}},{"start":{},"end":{}}],"line":278}},"s":{"0":1,"1":1,"2":1,"3":1,"4":1,"5":1,"6":1,"7":1,"8":1,"9":1,"10":1,"11":2,"12":0,"13":2,"14":2,"15":2,"16":2,"17":2,"18":0,"19":2,"20":2,"21":6,"22":6,"23":22,"24":6,"25":6,"26":6,"27":6,"28":0,"29":6,"30":0,"31":0,"32":0,"33":0,"34":0,"35":0,"36":0,"37":0,"38":0,"39":0,"40":0,"41":0,"42":0,"43":0,"44":0,"45":0,"46":0,"47":0,"48":0,"49":0,"50":0,"51":0,"52":0,"53":0,"54":0,"55":0,"56":0,"57":0,"58":0,"59":0,"60":0,"61":0,"62":0,"63":0,"64":0,"65":0,"66":0,"67":0,"68":0,"69":0,"70":0,"71":0,"72":0,"73":0,"74":0,"75":0,"76":0,"77":0,"78":0,"79":0,"80":0,"81":0,"82":0,"83":0,"84":0,"85":0,"86":0,"87":0,"88":0,"89":0,"90":0,"91":0,"92":0,"93":0,"94":0,"95":0,"96":0,"97":0,"98":0,"99":0,"100":0,"101":0,"102":0,"103":0,"104":0,"105":0,"106":0,"107":0,"108":0,"109":0,"110":0,"111":0,"112":0,"113":0,"114":0,"115":0,"116":0,"117":1,"118":0,"119":0,"120":0,"121":0,"122":0,"123":0,"124":0,"125":0,"126":1,"127":0,"128":0,"129":1,"130":0,"131":0,"132":1},"f":{"0":2,"1":6,"2":22,"3":0,"4":0,"5":0,"6":0,"7":0,"8":0,"9":0,"10":0,"11":0,"12":0,"13":0,"14":0,"15":0,"16":0,"17":0},"b":{"0":[0,2],"1":[2,2,2],"2":[1,1],"3":[0,2],"4":[6,0],"5":[0,0],"6":[0,0],"7":[0,0],"8":[0,0],"9":[0,0],"10":[0,0],"11":[0,0],"12":[0,0],"13":[0,0],"14":[0,0],"15":[0,0],"16":[0,0],"17":[0,0],"18":[0,0],"19":[0,1],"20":[0,1],"21":[0,1]},"_coverageSchema":"1a1c01bbd47fc00a2c39e90264f33305004495a9","hash":"e58b36088fc2604f30f2a4ec8338270a4cb7321d"}
}
