{"C:\\Projects\\AmaliTech_Lab_Solutions\\01. Character_Counter_UI\\characterCounter.js": {"path":"C:\\Projects\\AmaliTech_Lab_Solutions\\01. Character_Counter_UI\\characterCounter.js","statementMap":{"0":{"start":{"line":2,"column":15},"end":{"line":2,"column":51}},"1":{"start":{"line":3,"column":25},"end":{"line":3,"column":69}},"2":{"start":{"line":4,"column":20},"end":{"line":4,"column":63}},"3":{"start":{"line":5,"column":24},"end":{"line":5,"column":71}},"4":{"start":{"line":6,"column":28},"end":{"line":6,"column":79}},"5":{"start":{"line":7,"column":28},"end":{"line":7,"column":63}},"6":{"start":{"line":8,"column":26},"end":{"line":8,"column":74}},"7":{"start":{"line":9,"column":29},"end":{"line":9,"column":80}},"8":{"start":{"line":10,"column":16},"end":{"line":10,"column":53}},"9":{"start":{"line":11,"column":23},"end":{"line":11,"column":74}},"10":{"start":{"line":12,"column":32},"end":{"line":12,"column":83}},"11":{"start":{"line":20,"column":4},"end":{"line":20,"column":75}},"12":{"start":{"line":20,"column":68},"end":{"line":20,"column":75}},"13":{"start":{"line":24,"column":22},"end":{"line":24,"column":36}},"14":{"start":{"line":25,"column":30},"end":{"line":26,"column":49}},"15":{"start":{"line":28,"column":4},"end":{"line":30,"column":42}},"16":{"start":{"line":32,"column":35},"end":{"line":32,"column":61}},"17":{"start":{"line":33,"column":4},"end":{"line":38,"column":5}},"18":{"start":{"line":34,"column":8},"end":{"line":34,"column":65}},"19":{"start":{"line":37,"column":8},"end":{"line":37,"column":59}},"20":{"start":{"line":40,"column":4},"end":{"line":40,"column":61}},"21":{"start":{"line":47,"column":4},"end":{"line":47,"column":44}},"22":{"start":{"line":47,"column":37},"end":{"line":47,"column":44}},"23":{"start":{"line":49,"column":22},"end":{"line":49,"column":43}},"24":{"start":{"line":50,"column":23},"end":{"line":50,"column":81}},"25":{"start":{"line":50,"column":64},"end":{"line":50,"column":79}},"26":{"start":{"line":52,"column":24},"end":{"line":52,"column":43}},"27":{"start":{"line":53,"column":34},"end":{"line":53,"column":58}},"28":{"start":{"line":55,"column":4},"end":{"line":60,"column":5}},"29":{"start":{"line":56,"column":8},"end":{"line":56,"column":63}},"30":{"start":{"line":59,"column":8},"end":{"line":59,"column":57}},"31":{"start":{"line":62,"column":4},"end":{"line":62,"column":55}},"32":{"start":{"line":71,"column":4},"end":{"line":71,"column":48}},"33":{"start":{"line":71,"column":41},"end":{"line":71,"column":48}},"34":{"start":{"line":73,"column":22},"end":{"line":73,"column":43}},"35":{"start":{"line":75,"column":20},"end":{"line":77,"column":62}},"36":{"start":{"line":76,"column":38},"end":{"line":76,"column":53}},"37":{"start":{"line":77,"column":41},"end":{"line":77,"column":60}},"38":{"start":{"line":79,"column":28},"end":{"line":79,"column":44}},"39":{"start":{"line":80,"column":38},"end":{"line":80,"column":66}},"40":{"start":{"line":82,"column":4},"end":{"line":87,"column":5}},"41":{"start":{"line":83,"column":8},"end":{"line":83,"column":71}},"42":{"start":{"line":86,"column":8},"end":{"line":86,"column":65}},"43":{"start":{"line":89,"column":4},"end":{"line":89,"column":63}},"44":{"start":{"line":97,"column":25},"end":{"line":97,"column":28}},"45":{"start":{"line":98,"column":22},"end":{"line":98,"column":43}},"46":{"start":{"line":99,"column":23},"end":{"line":99,"column":81}},"47":{"start":{"line":99,"column":64},"end":{"line":99,"column":79}},"48":{"start":{"line":100,"column":24},"end":{"line":100,"column":43}},"49":{"start":{"line":102,"column":28},"end":{"line":102,"column":71}},"50":{"start":{"line":103,"column":4},"end":{"line":103,"column":93}},"51":{"start":{"line":111,"column":4},"end":{"line":111,"column":66}},"52":{"start":{"line":117,"column":4},"end":{"line":117,"column":91}},"53":{"start":{"line":117,"column":84},"end":{"line":117,"column":91}},"54":{"start":{"line":119,"column":25},"end":{"line":119,"column":60}},"55":{"start":{"line":120,"column":22},"end":{"line":120,"column":36}},"56":{"start":{"line":121,"column":30},"end":{"line":122,"column":49}},"57":{"start":{"line":127,"column":4},"end":{"line":127,"column":101}},"58":{"start":{"line":128,"column":4},"end":{"line":128,"column":55}},"59":{"start":{"line":130,"column":4},"end":{"line":153,"column":5}},"60":{"start":{"line":131,"column":8},"end":{"line":131,"column":52}},"61":{"start":{"line":132,"column":8},"end":{"line":132,"column":54}},"62":{"start":{"line":133,"column":8},"end":{"line":133,"column":46}},"63":{"start":{"line":135,"column":9},"end":{"line":153,"column":5}},"64":{"start":{"line":136,"column":8},"end":{"line":136,"column":52}},"65":{"start":{"line":137,"column":8},"end":{"line":137,"column":49}},"66":{"start":{"line":138,"column":8},"end":{"line":138,"column":51}},"67":{"start":{"line":139,"column":8},"end":{"line":139,"column":82}},"68":{"start":{"line":141,"column":9},"end":{"line":153,"column":5}},"69":{"start":{"line":142,"column":8},"end":{"line":142,"column":52}},"70":{"start":{"line":143,"column":8},"end":{"line":143,"column":99}},"71":{"start":{"line":146,"column":8},"end":{"line":152,"column":9}},"72":{"start":{"line":147,"column":12},"end":{"line":147,"column":53}},"73":{"start":{"line":148,"column":12},"end":{"line":148,"column":103}},"74":{"start":{"line":161,"column":15},"end":{"line":161,"column":66}},"75":{"start":{"line":162,"column":23},"end":{"line":162,"column":34}},"76":{"start":{"line":164,"column":25},"end":{"line":164,"column":27}},"77":{"start":{"line":167,"column":4},"end":{"line":169,"column":5}},"78":{"start":{"line":168,"column":8},"end":{"line":168,"column":65}},"79":{"start":{"line":173,"column":4},"end":{"line":173,"column":36}},"80":{"start":{"line":175,"column":20},"end":{"line":175,"column":54}},"81":{"start":{"line":176,"column":22},"end":{"line":176,"column":23}},"82":{"start":{"line":178,"column":4},"end":{"line":214,"column":7}},"83":{"start":{"line":179,"column":22},"end":{"line":179,"column":42}},"84":{"start":{"line":180,"column":27},"end":{"line":180,"column":72}},"85":{"start":{"line":182,"column":18},"end":{"line":182,"column":47}},"86":{"start":{"line":183,"column":8},"end":{"line":183,"column":52}},"87":{"start":{"line":185,"column":20},"end":{"line":185,"column":50}},"88":{"start":{"line":186,"column":8},"end":{"line":186,"column":52}},"89":{"start":{"line":187,"column":8},"end":{"line":187,"column":34}},"90":{"start":{"line":189,"column":27},"end":{"line":189,"column":56}},"91":{"start":{"line":190,"column":8},"end":{"line":190,"column":57}},"92":{"start":{"line":192,"column":25},"end":{"line":192,"column":54}},"93":{"start":{"line":193,"column":8},"end":{"line":193,"column":52}},"94":{"start":{"line":194,"column":8},"end":{"line":194,"column":49}},"95":{"start":{"line":195,"column":8},"end":{"line":195,"column":43}},"96":{"start":{"line":197,"column":29},"end":{"line":197,"column":59}},"97":{"start":{"line":198,"column":8},"end":{"line":198,"column":59}},"98":{"start":{"line":199,"column":8},"end":{"line":199,"column":66}},"99":{"start":{"line":201,"column":8},"end":{"line":201,"column":44}},"100":{"start":{"line":202,"column":8},"end":{"line":202,"column":32}},"101":{"start":{"line":203,"column":8},"end":{"line":203,"column":39}},"102":{"start":{"line":204,"column":8},"end":{"line":204,"column":39}},"103":{"start":{"line":207,"column":8},"end":{"line":210,"column":9}},"104":{"start":{"line":208,"column":12},"end":{"line":208,"column":39}},"105":{"start":{"line":209,"column":12},"end":{"line":209,"column":43}},"106":{"start":{"line":212,"column":8},"end":{"line":212,"column":43}},"107":{"start":{"line":217,"column":4},"end":{"line":237,"column":5}},"108":{"start":{"line":218,"column":26},"end":{"line":218,"column":55}},"109":{"start":{"line":219,"column":8},"end":{"line":219,"column":52}},"110":{"start":{"line":220,"column":8},"end":{"line":220,"column":44}},"111":{"start":{"line":222,"column":23},"end":{"line":222,"column":28}},"112":{"start":{"line":224,"column":8},"end":{"line":234,"column":10}},"113":{"start":{"line":225,"column":12},"end":{"line":225,"column":32}},"114":{"start":{"line":227,"column":30},"end":{"line":227,"column":69}},"115":{"start":{"line":228,"column":12},"end":{"line":230,"column":15}},"116":{"start":{"line":229,"column":14},"end":{"line":229,"column":61}},"117":{"start":{"line":232,"column":12},"end":{"line":232,"column":75}},"118":{"start":{"line":236,"column":8},"end":{"line":236,"column":47}},"119":{"start":{"line":245,"column":15},"end":{"line":245,"column":29}},"120":{"start":{"line":247,"column":4},"end":{"line":252,"column":5}},"121":{"start":{"line":248,"column":8},"end":{"line":248,"column":80}},"122":{"start":{"line":251,"column":8},"end":{"line":251,"column":83}},"123":{"start":{"line":262,"column":0},"end":{"line":273,"column":1}},"124":{"start":{"line":263,"column":4},"end":{"line":272,"column":6}},"125":{"start":{"line":264,"column":8},"end":{"line":264,"column":79}},"126":{"start":{"line":265,"column":8},"end":{"line":265,"column":54}},"127":{"start":{"line":266,"column":8},"end":{"line":266,"column":62}},"128":{"start":{"line":267,"column":8},"end":{"line":267,"column":37}},"129":{"start":{"line":269,"column":8},"end":{"line":269,"column":94}},"130":{"start":{"line":270,"column":8},"end":{"line":270,"column":33}},"131":{"start":{"line":271,"column":8},"end":{"line":271,"column":38}},"132":{"start":{"line":277,"column":0},"end":{"line":281,"column":1}},"133":{"start":{"line":278,"column":4},"end":{"line":280,"column":6}},"134":{"start":{"line":279,"column":8},"end":{"line":279,"column":77}},"135":{"start":{"line":285,"column":0},"end":{"line":289,"column":1}},"136":{"start":{"line":286,"column":4},"end":{"line":288,"column":6}},"137":{"start":{"line":287,"column":8},"end":{"line":287,"column":42}},"138":{"start":{"line":294,"column":0},"end":{"line":303,"column":1}}},"fnMap":{"0":{"name":"countCharacters","decl":{"start":{"line":19,"column":9},"end":{"line":19,"column":24}},"loc":{"start":{"line":19,"column":80},"end":{"line":41,"column":1}},"line":19},"1":{"name":"countNumberOfWords","decl":{"start":{"line":46,"column":9},"end":{"line":46,"column":27}},"loc":{"start":{"line":46,"column":55},"end":{"line":64,"column":1}},"line":46},"2":{"name":"(anonymous_2)","decl":{"start":{"line":50,"column":56},"end":{"line":50,"column":57}},"loc":{"start":{"line":50,"column":64},"end":{"line":50,"column":79}},"line":50},"3":{"name":"countNumberOfSentences","decl":{"start":{"line":70,"column":9},"end":{"line":70,"column":31}},"loc":{"start":{"line":70,"column":63},"end":{"line":91,"column":1}},"line":70},"4":{"name":"(anonymous_4)","decl":{"start":{"line":76,"column":26},"end":{"line":76,"column":27}},"loc":{"start":{"line":76,"column":38},"end":{"line":76,"column":53}},"line":76},"5":{"name":"(anonymous_5)","decl":{"start":{"line":77,"column":29},"end":{"line":77,"column":30}},"loc":{"start":{"line":77,"column":41},"end":{"line":77,"column":60}},"line":77},"6":{"name":"calculateApproxReadingTime","decl":{"start":{"line":96,"column":9},"end":{"line":96,"column":35}},"loc":{"start":{"line":96,"column":38},"end":{"line":105,"column":1}},"line":96},"7":{"name":"(anonymous_7)","decl":{"start":{"line":99,"column":56},"end":{"line":99,"column":57}},"loc":{"start":{"line":99,"column":64},"end":{"line":99,"column":79}},"line":99},"8":{"name":"toggleCharacterLimitInputVisible","decl":{"start":{"line":110,"column":9},"end":{"line":110,"column":41}},"loc":{"start":{"line":110,"column":44},"end":{"line":112,"column":1}},"line":110},"9":{"name":"checkCharacterLimit","decl":{"start":{"line":116,"column":9},"end":{"line":116,"column":28}},"loc":{"start":{"line":116,"column":96},"end":{"line":155,"column":1}},"line":116},"10":{"name":"calculateLetterDensity","decl":{"start":{"line":160,"column":9},"end":{"line":160,"column":31}},"loc":{"start":{"line":160,"column":36},"end":{"line":239,"column":1}},"line":160},"11":{"name":"(anonymous_11)","decl":{"start":{"line":178,"column":20},"end":{"line":178,"column":21}},"loc":{"start":{"line":178,"column":41},"end":{"line":214,"column":5}},"line":178},"12":{"name":"(anonymous_12)","decl":{"start":{"line":224,"column":44},"end":{"line":224,"column":45}},"loc":{"start":{"line":224,"column":56},"end":{"line":234,"column":9}},"line":224},"13":{"name":"(anonymous_13)","decl":{"start":{"line":228,"column":30},"end":{"line":228,"column":31}},"loc":{"start":{"line":228,"column":37},"end":{"line":230,"column":13}},"line":228},"14":{"name":"toggleNoDensityAvailableYet","decl":{"start":{"line":244,"column":9},"end":{"line":244,"column":36}},"loc":{"start":{"line":244,"column":40},"end":{"line":253,"column":1}},"line":244},"15":{"name":"(anonymous_15)","decl":{"start":{"line":263,"column":39},"end":{"line":263,"column":40}},"loc":{"start":{"line":263,"column":51},"end":{"line":272,"column":5}},"line":263},"16":{"name":"(anonymous_16)","decl":{"start":{"line":278,"column":53},"end":{"line":278,"column":54}},"loc":{"start":{"line":278,"column":65},"end":{"line":280,"column":5}},"line":278},"17":{"name":"(anonymous_17)","decl":{"start":{"line":286,"column":54},"end":{"line":286,"column":55}},"loc":{"start":{"line":286,"column":66},"end":{"line":288,"column":5}},"line":286}},"branchMap":{"0":{"loc":{"start":{"line":20,"column":4},"end":{"line":20,"column":75}},"type":"if","locations":[{"start":{"line":20,"column":4},"end":{"line":20,"column":75}},{"start":{},"end":{}}],"line":20},"1":{"loc":{"start":{"line":20,"column":8},"end":{"line":20,"column":66}},"type":"binary-expr","locations":[{"start":{"line":20,"column":8},"end":{"line":20,"column":17}},{"start":{"line":20,"column":21},"end":{"line":20,"column":43}},{"start":{"line":20,"column":47},"end":{"line":20,"column":66}}],"line":20},"2":{"loc":{"start":{"line":28,"column":22},"end":{"line":30,"column":42}},"type":"cond-expr","locations":[{"start":{"line":29,"column":22},"end":{"line":29,"column":48}},{"start":{"line":30,"column":24},"end":{"line":30,"column":42}}],"line":28},"3":{"loc":{"start":{"line":33,"column":4},"end":{"line":38,"column":5}},"type":"if","locations":[{"start":{"line":33,"column":4},"end":{"line":38,"column":5}},{"start":{"line":36,"column":9},"end":{"line":38,"column":5}}],"line":33},"4":{"loc":{"start":{"line":47,"column":4},"end":{"line":47,"column":44}},"type":"if","locations":[{"start":{"line":47,"column":4},"end":{"line":47,"column":44}},{"start":{},"end":{}}],"line":47},"5":{"loc":{"start":{"line":47,"column":8},"end":{"line":47,"column":35}},"type":"binary-expr","locations":[{"start":{"line":47,"column":8},"end":{"line":47,"column":17}},{"start":{"line":47,"column":21},"end":{"line":47,"column":35}}],"line":47},"6":{"loc":{"start":{"line":55,"column":4},"end":{"line":60,"column":5}},"type":"if","locations":[{"start":{"line":55,"column":4},"end":{"line":60,"column":5}},{"start":{"line":58,"column":9},"end":{"line":60,"column":5}}],"line":55},"7":{"loc":{"start":{"line":71,"column":4},"end":{"line":71,"column":48}},"type":"if","locations":[{"start":{"line":71,"column":4},"end":{"line":71,"column":48}},{"start":{},"end":{}}],"line":71},"8":{"loc":{"start":{"line":71,"column":8},"end":{"line":71,"column":39}},"type":"binary-expr","locations":[{"start":{"line":71,"column":8},"end":{"line":71,"column":17}},{"start":{"line":71,"column":21},"end":{"line":71,"column":39}}],"line":71},"9":{"loc":{"start":{"line":82,"column":4},"end":{"line":87,"column":5}},"type":"if","locations":[{"start":{"line":82,"column":4},"end":{"line":87,"column":5}},{"start":{"line":85,"column":9},"end":{"line":87,"column":5}}],"line":82},"10":{"loc":{"start":{"line":117,"column":4},"end":{"line":117,"column":91}},"type":"if","locations":[{"start":{"line":117,"column":4},"end":{"line":117,"column":91}},{"start":{},"end":{}}],"line":117},"11":{"loc":{"start":{"line":117,"column":8},"end":{"line":117,"column":81}},"type":"binary-expr","locations":[{"start":{"line":117,"column":8},"end":{"line":117,"column":17}},{"start":{"line":117,"column":21},"end":{"line":117,"column":41}},{"start":{"line":117,"column":45},"end":{"line":117,"column":55}},{"start":{"line":117,"column":59},"end":{"line":117,"column":81}}],"line":117},"12":{"loc":{"start":{"line":127,"column":22},"end":{"line":127,"column":101}},"type":"cond-expr","locations":[{"start":{"line":127,"column":54},"end":{"line":127,"column":80}},{"start":{"line":127,"column":83},"end":{"line":127,"column":101}}],"line":127},"13":{"loc":{"start":{"line":130,"column":4},"end":{"line":153,"column":5}},"type":"if","locations":[{"start":{"line":130,"column":4},"end":{"line":153,"column":5}},{"start":{"line":135,"column":9},"end":{"line":153,"column":5}}],"line":130},"14":{"loc":{"start":{"line":130,"column":8},"end":{"line":130,"column":76}},"type":"binary-expr","locations":[{"start":{"line":130,"column":8},"end":{"line":130,"column":39}},{"start":{"line":130,"column":43},"end":{"line":130,"column":76}}],"line":130},"15":{"loc":{"start":{"line":135,"column":9},"end":{"line":153,"column":5}},"type":"if","locations":[{"start":{"line":135,"column":9},"end":{"line":153,"column":5}},{"start":{"line":141,"column":9},"end":{"line":153,"column":5}}],"line":135},"16":{"loc":{"start":{"line":135,"column":13},"end":{"line":135,"column":80}},"type":"binary-expr","locations":[{"start":{"line":135,"column":13},"end":{"line":135,"column":44}},{"start":{"line":135,"column":48},"end":{"line":135,"column":80}}],"line":135},"17":{"loc":{"start":{"line":141,"column":9},"end":{"line":153,"column":5}},"type":"if","locations":[{"start":{"line":141,"column":9},"end":{"line":153,"column":5}},{"start":{"line":145,"column":9},"end":{"line":153,"column":5}}],"line":141},"18":{"loc":{"start":{"line":146,"column":8},"end":{"line":152,"column":9}},"type":"if","locations":[{"start":{"line":146,"column":8},"end":{"line":152,"column":9}},{"start":{"line":150,"column":13},"end":{"line":152,"column":9}}],"line":146},"19":{"loc":{"start":{"line":168,"column":33},"end":{"line":168,"column":58}},"type":"binary-expr","locations":[{"start":{"line":168,"column":33},"end":{"line":168,"column":53}},{"start":{"line":168,"column":57},"end":{"line":168,"column":58}}],"line":168},"20":{"loc":{"start":{"line":207,"column":8},"end":{"line":210,"column":9}},"type":"if","locations":[{"start":{"line":207,"column":8},"end":{"line":210,"column":9}},{"start":{},"end":{}}],"line":207},"21":{"loc":{"start":{"line":217,"column":4},"end":{"line":237,"column":5}},"type":"if","locations":[{"start":{"line":217,"column":4},"end":{"line":237,"column":5}},{"start":{},"end":{}}],"line":217},"22":{"loc":{"start":{"line":229,"column":34},"end":{"line":229,"column":60}},"type":"cond-expr","locations":[{"start":{"line":229,"column":45},"end":{"line":229,"column":51}},{"start":{"line":229,"column":54},"end":{"line":229,"column":60}}],"line":229},"23":{"loc":{"start":{"line":232,"column":36},"end":{"line":232,"column":74}},"type":"cond-expr","locations":[{"start":{"line":232,"column":47},"end":{"line":232,"column":59}},{"start":{"line":232,"column":62},"end":{"line":232,"column":74}}],"line":232},"24":{"loc":{"start":{"line":247,"column":4},"end":{"line":252,"column":5}},"type":"if","locations":[{"start":{"line":247,"column":4},"end":{"line":252,"column":5}},{"start":{"line":250,"column":9},"end":{"line":252,"column":5}}],"line":247},"25":{"loc":{"start":{"line":262,"column":0},"end":{"line":273,"column":1}},"type":"if","locations":[{"start":{"line":262,"column":0},"end":{"line":273,"column":1}},{"start":{},"end":{}}],"line":262},"26":{"loc":{"start":{"line":277,"column":0},"end":{"line":281,"column":1}},"type":"if","locations":[{"start":{"line":277,"column":0},"end":{"line":281,"column":1}},{"start":{},"end":{}}],"line":277},"27":{"loc":{"start":{"line":285,"column":0},"end":{"line":289,"column":1}},"type":"if","locations":[{"start":{"line":285,"column":0},"end":{"line":289,"column":1}},{"start":{},"end":{}}],"line":285}},"s":{"0":1,"1":1,"2":1,"3":1,"4":1,"5":1,"6":1,"7":1,"8":1,"9":1,"10":1,"11":2,"12":0,"13":2,"14":2,"15":2,"16":2,"17":2,"18":0,"19":2,"20":2,"21":6,"22":0,"23":6,"24":6,"25":22,"26":6,"27":6,"28":6,"29":6,"30":0,"31":6,"32":5,"33":0,"34":5,"35":5,"36":10,"37":10,"38":5,"39":5,"40":5,"41":5,"42":0,"43":5,"44":0,"45":0,"46":0,"47":0,"48":0,"49":0,"50":0,"51":0,"52":5,"53":0,"54":5,"55":5,"56":5,"57":5,"58":5,"59":5,"60":1,"61":1,"62":1,"63":4,"64":2,"65":2,"66":2,"67":2,"68":2,"69":1,"70":1,"71":1,"72":1,"73":1,"74":0,"75":0,"76":0,"77":0,"78":0,"79":0,"80":0,"81":0,"82":0,"83":0,"84":0,"85":0,"86":0,"87":0,"88":0,"89":0,"90":0,"91":0,"92":0,"93":0,"94":0,"95":0,"96":0,"97":0,"98":0,"99":0,"100":0,"101":0,"102":0,"103":0,"104":0,"105":0,"106":0,"107":0,"108":0,"109":0,"110":0,"111":0,"112":0,"113":0,"114":0,"115":0,"116":0,"117":0,"118":0,"119":0,"120":0,"121":0,"122":0,"123":1,"124":0,"125":0,"126":0,"127":0,"128":0,"129":0,"130":0,"131":0,"132":1,"133":0,"134":0,"135":1,"136":0,"137":0,"138":1},"f":{"0":2,"1":6,"2":22,"3":5,"4":10,"5":10,"6":0,"7":0,"8":0,"9":5,"10":0,"11":0,"12":0,"13":0,"14":0,"15":0,"16":0,"17":0},"b":{"0":[0,2],"1":[2,2,2],"2":[1,1],"3":[0,2],"4":[0,6],"5":[6,6],"6":[6,0],"7":[0,5],"8":[5,5],"9":[5,0],"10":[0,5],"11":[5,5,5,5],"12":[1,4],"13":[1,4],"14":[5,4],"15":[2,2],"16":[4,4],"17":[1,1],"18":[1,0],"19":[0,0],"20":[0,0],"21":[0,0],"22":[0,0],"23":[0,0],"24":[0,0],"25":[0,1],"26":[0,1],"27":[0,1]},"_coverageSchema":"1a1c01bbd47fc00a2c39e90264f33305004495a9","hash":"313ee9365b7e9408d046023d3b4e1f8fc11f98de"}
}
