TN:
SF:characterCounter.js
FN:19,countCharacters
FN:46,countNumberOfWords
FN:50,(anonymous_2)
FN:70,countNumberOfSentences
FN:76,(anonymous_4)
FN:77,(anonymous_5)
FN:96,calculateApproxReadingTime
FN:99,(anonymous_7)
FN:110,toggleCharacterLimitInputVisible
FN:116,checkCharacterLimit
FN:158,calculateLetterDensity
FN:176,(anonymous_11)
FN:222,(anonymous_12)
FN:226,(anonymous_13)
FN:242,toggleNoDensityAvailableYet
FN:261,(anonymous_15)
FN:275,(anonymous_16)
FN:283,(anonymous_17)
FNF:18
FNH:6
FNDA:2,countCharacters
FNDA:6,countNumberOfWords
FNDA:22,(anonymous_2)
FNDA:5,countNumberOfSentences
FNDA:10,(anonymous_4)
FNDA:10,(anonymous_5)
FNDA:0,calculateApproxReadingTime
FNDA:0,(anonymous_7)
FNDA:0,toggleCharacterLimitInputVisible
FNDA:0,checkCharacterLimit
FNDA:0,calculateLetterDensity
FNDA:0,(anonymous_11)
FNDA:0,(anonymous_12)
FNDA:0,(anonymous_13)
FNDA:0,toggleNoDensityAvailableYet
FNDA:0,(anonymous_15)
FNDA:0,(anonymous_16)
FNDA:0,(anonymous_17)
DA:2,1
DA:3,1
DA:4,1
DA:5,1
DA:6,1
DA:7,1
DA:8,1
DA:9,1
DA:10,1
DA:11,1
DA:12,1
DA:20,2
DA:24,2
DA:25,2
DA:28,2
DA:32,2
DA:33,2
DA:34,0
DA:37,2
DA:40,2
DA:47,6
DA:49,6
DA:50,22
DA:52,6
DA:53,6
DA:55,6
DA:56,6
DA:59,0
DA:62,6
DA:71,5
DA:73,5
DA:75,5
DA:76,10
DA:77,10
DA:79,5
DA:80,5
DA:82,5
DA:83,5
DA:86,0
DA:89,5
DA:97,0
DA:98,0
DA:99,0
DA:100,0
DA:102,0
DA:103,0
DA:111,0
DA:117,0
DA:118,0
DA:119,0
DA:125,0
DA:126,0
DA:128,0
DA:129,0
DA:130,0
DA:131,0
DA:133,0
DA:134,0
DA:135,0
DA:136,0
DA:137,0
DA:139,0
DA:140,0
DA:141,0
DA:144,0
DA:145,0
DA:146,0
DA:159,0
DA:160,0
DA:162,0
DA:165,0
DA:166,0
DA:171,0
DA:173,0
DA:174,0
DA:176,0
DA:177,0
DA:178,0
DA:180,0
DA:181,0
DA:183,0
DA:184,0
DA:185,0
DA:187,0
DA:188,0
DA:190,0
DA:191,0
DA:192,0
DA:193,0
DA:195,0
DA:196,0
DA:197,0
DA:199,0
DA:200,0
DA:201,0
DA:202,0
DA:205,0
DA:206,0
DA:207,0
DA:210,0
DA:215,0
DA:216,0
DA:217,0
DA:218,0
DA:220,0
DA:222,0
DA:223,0
DA:225,0
DA:226,0
DA:227,0
DA:230,0
DA:234,0
DA:243,0
DA:245,0
DA:246,0
DA:249,0
DA:260,1
DA:261,0
DA:262,0
DA:263,0
DA:264,0
DA:265,0
DA:266,0
DA:267,0
DA:268,0
DA:274,1
DA:275,0
DA:276,0
DA:282,1
DA:283,0
DA:284,0
DA:291,1
LF:132
LH:41
BRDA:20,0,0,0
BRDA:20,0,1,2
BRDA:20,1,0,2
BRDA:20,1,1,2
BRDA:20,1,2,2
BRDA:28,2,0,1
BRDA:28,2,1,1
BRDA:33,3,0,0
BRDA:33,3,1,2
BRDA:47,4,0,0
BRDA:47,4,1,6
BRDA:47,5,0,6
BRDA:47,5,1,6
BRDA:55,6,0,6
BRDA:55,6,1,0
BRDA:71,7,0,0
BRDA:71,7,1,5
BRDA:71,8,0,5
BRDA:71,8,1,5
BRDA:82,9,0,5
BRDA:82,9,1,0
BRDA:125,10,0,0
BRDA:125,10,1,0
BRDA:128,11,0,0
BRDA:128,11,1,0
BRDA:128,12,0,0
BRDA:128,12,1,0
BRDA:133,13,0,0
BRDA:133,13,1,0
BRDA:133,14,0,0
BRDA:133,14,1,0
BRDA:139,15,0,0
BRDA:139,15,1,0
BRDA:144,16,0,0
BRDA:144,16,1,0
BRDA:166,17,0,0
BRDA:166,17,1,0
BRDA:205,18,0,0
BRDA:205,18,1,0
BRDA:215,19,0,0
BRDA:215,19,1,0
BRDA:227,20,0,0
BRDA:227,20,1,0
BRDA:230,21,0,0
BRDA:230,21,1,0
BRDA:245,22,0,0
BRDA:245,22,1,0
BRDA:260,23,0,0
BRDA:260,23,1,1
BRDA:274,24,0,0
BRDA:274,24,1,1
BRDA:282,25,0,0
BRDA:282,25,1,1
BRF:53
BRH:18
end_of_record
