TN:
SF:tests\characterCounter.js
FN:19,countCharacters
FN:46,countNumberOfWords
FN:48,(anonymous_2)
FN:68,countNumberOfSentences
FN:72,(anonymous_4)
FN:73,(anonymous_5)
FN:92,calculateApproxReadingTime
FN:95,(anonymous_7)
FN:106,toggleCharacterLimitInputVisible
FN:112,checkCharacterLimit
FN:154,calculateLetterDensity
FN:172,(anonymous_11)
FN:218,(anonymous_12)
FN:222,(anonymous_13)
FN:238,toggleNoDensityAvailableYet
FN:257,(anonymous_15)
FN:271,(anonymous_16)
FN:279,(anonymous_17)
FNF:18
FNH:3
FNDA:2,countCharacters
FNDA:6,countNumberOfWords
FNDA:22,(anonymous_2)
FNDA:0,countNumberOfSentences
FNDA:0,(anonymous_4)
FNDA:0,(anonymous_5)
FNDA:0,calculateApproxReadingTime
FNDA:0,(anonymous_7)
FNDA:0,toggleCharacterLimitInputVisible
FNDA:0,checkCharacterLimit
FNDA:0,calculateLetterDensity
FNDA:0,(anonymous_11)
FNDA:0,(anonymous_12)
FNDA:0,(anonymous_13)
FNDA:0,toggleNoDensityAvailableYet
FNDA:0,(anonymous_15)
FNDA:0,(anonymous_16)
FNDA:0,(anonymous_17)
DA:2,1
DA:3,1
DA:4,1
DA:5,1
DA:6,1
DA:7,1
DA:8,1
DA:9,1
DA:10,1
DA:11,1
DA:12,1
DA:20,2
DA:24,2
DA:25,2
DA:28,2
DA:32,2
DA:33,2
DA:34,0
DA:37,2
DA:40,2
DA:47,6
DA:48,22
DA:50,6
DA:51,6
DA:53,6
DA:54,6
DA:57,0
DA:60,6
DA:69,0
DA:71,0
DA:72,0
DA:73,0
DA:75,0
DA:76,0
DA:78,0
DA:79,0
DA:82,0
DA:85,0
DA:93,0
DA:94,0
DA:95,0
DA:96,0
DA:98,0
DA:99,0
DA:107,0
DA:113,0
DA:114,0
DA:115,0
DA:121,0
DA:122,0
DA:124,0
DA:125,0
DA:126,0
DA:127,0
DA:129,0
DA:130,0
DA:131,0
DA:132,0
DA:133,0
DA:135,0
DA:136,0
DA:137,0
DA:140,0
DA:141,0
DA:142,0
DA:155,0
DA:156,0
DA:158,0
DA:161,0
DA:162,0
DA:167,0
DA:169,0
DA:170,0
DA:172,0
DA:173,0
DA:174,0
DA:176,0
DA:177,0
DA:179,0
DA:180,0
DA:181,0
DA:183,0
DA:184,0
DA:186,0
DA:187,0
DA:188,0
DA:189,0
DA:191,0
DA:192,0
DA:193,0
DA:195,0
DA:196,0
DA:197,0
DA:198,0
DA:201,0
DA:202,0
DA:203,0
DA:206,0
DA:211,0
DA:212,0
DA:213,0
DA:214,0
DA:216,0
DA:218,0
DA:219,0
DA:221,0
DA:222,0
DA:223,0
DA:226,0
DA:230,0
DA:239,0
DA:241,0
DA:242,0
DA:245,0
DA:256,1
DA:257,0
DA:258,0
DA:259,0
DA:260,0
DA:261,0
DA:262,0
DA:263,0
DA:264,0
DA:270,1
DA:271,0
DA:272,0
DA:278,1
DA:279,0
DA:280,0
DA:287,1
LF:130
LH:30
BRDA:20,0,0,0
BRDA:20,0,1,2
BRDA:20,1,0,2
BRDA:20,1,1,2
BRDA:20,1,2,2
BRDA:28,2,0,1
BRDA:28,2,1,1
BRDA:33,3,0,0
BRDA:33,3,1,2
BRDA:53,4,0,6
BRDA:53,4,1,0
BRDA:78,5,0,0
BRDA:78,5,1,0
BRDA:121,6,0,0
BRDA:121,6,1,0
BRDA:124,7,0,0
BRDA:124,7,1,0
BRDA:124,8,0,0
BRDA:124,8,1,0
BRDA:129,9,0,0
BRDA:129,9,1,0
BRDA:129,10,0,0
BRDA:129,10,1,0
BRDA:135,11,0,0
BRDA:135,11,1,0
BRDA:140,12,0,0
BRDA:140,12,1,0
BRDA:162,13,0,0
BRDA:162,13,1,0
BRDA:201,14,0,0
BRDA:201,14,1,0
BRDA:211,15,0,0
BRDA:211,15,1,0
BRDA:223,16,0,0
BRDA:223,16,1,0
BRDA:226,17,0,0
BRDA:226,17,1,0
BRDA:241,18,0,0
BRDA:241,18,1,0
BRDA:256,19,0,0
BRDA:256,19,1,1
BRDA:270,20,0,0
BRDA:270,20,1,1
BRDA:278,21,0,0
BRDA:278,21,1,1
BRF:45
BRH:11
end_of_record
